0 info it worked if it ends with ok
1 verbose cli [ 'C:\\Program Files\\nodejs\\\\node.exe',
1 verbose cli   'C:\\Program Files\\nodejs\\node_modules\\npm\\bin\\npm-cli.js',
1 verbose cli   'install',
1 verbose cli   'ntwitter' ]
2 info using npm@1.4.21
3 info using node@v0.10.30
4 verbose node symlink C:\Program Files\nodejs\\node.exe
5 verbose cache add [ 'ntwitter', null ]
6 verbose cache add name=undefined spec="ntwitter" args=["ntwitter",null]
7 verbose parsed url { protocol: null,
7 verbose parsed url   slashes: null,
7 verbose parsed url   auth: null,
7 verbose parsed url   host: null,
7 verbose parsed url   port: null,
7 verbose parsed url   hostname: null,
7 verbose parsed url   hash: null,
7 verbose parsed url   search: null,
7 verbose parsed url   query: null,
7 verbose parsed url   pathname: 'ntwitter',
7 verbose parsed url   path: 'ntwitter',
7 verbose parsed url   href: 'ntwitter' }
8 silly lockFile 2bfbd1a3-ntwitter ntwitter
9 verbose lock ntwitter C:\Users\IBM_ADMIN\AppData\Roaming\npm-cache\2bfbd1a3-ntwitter.lock
10 silly lockFile 2bfbd1a3-ntwitter ntwitter
11 silly lockFile 2bfbd1a3-ntwitter ntwitter
12 verbose addNamed [ 'ntwitter', '' ]
13 verbose addNamed [ null, '*' ]
14 silly lockFile f01a5877-ntwitter ntwitter@
15 verbose lock ntwitter@ C:\Users\IBM_ADMIN\AppData\Roaming\npm-cache\f01a5877-ntwitter.lock
16 silly addNameRange { name: 'ntwitter', range: '*', hasData: false }
17 verbose request where is /ntwitter
18 verbose request registry https://registry.npmjs.org/
19 verbose request id 1342322926da5b1b
20 verbose url raw /ntwitter
21 verbose url resolving [ 'https://registry.npmjs.org/', './ntwitter' ]
22 verbose url resolved https://registry.npmjs.org/ntwitter
23 verbose request where is https://registry.npmjs.org/ntwitter
24 info trying registry request attempt 1 at 20:17:24
25 http GET https://registry.npmjs.org/ntwitter
26 http 200 https://registry.npmjs.org/ntwitter
27 silly registry.get cb [ 200,
27 silly registry.get   { date: 'Tue, 14 Oct 2014 17:17:29 GMT',
27 silly registry.get     server: 'CouchDB/1.5.0 (Erlang OTP/R16B03)',
27 silly registry.get     etag: '"39961P9UV3MX8VXQIXYXPJVWP"',
27 silly registry.get     'content-type': 'application/json',
27 silly registry.get     'cache-control': 'max-age=60',
27 silly registry.get     'content-length': '28118',
27 silly registry.get     'accept-ranges': 'bytes',
27 silly registry.get     via: '1.1 varnish',
27 silly registry.get     age: '0',
27 silly registry.get     'x-served-by': 'cache-fra1238-FRA',
27 silly registry.get     'x-cache': 'HIT',
27 silly registry.get     'x-cache-hits': '1',
27 silly registry.get     'x-timer': 'S1413307049.128543,VS0,VE102',
27 silly registry.get     vary: 'Accept',
27 silly registry.get     'keep-alive': 'timeout=10, max=50',
27 silly registry.get     connection: 'Keep-Alive' } ]
28 silly addNameRange number 2 { name: 'ntwitter', range: '*', hasData: true }
29 silly addNameRange versions [ 'ntwitter',
29 silly addNameRange   [ '0.2.0',
29 silly addNameRange     '0.2.1',
29 silly addNameRange     '0.2.2',
29 silly addNameRange     '0.2.2-1',
29 silly addNameRange     '0.2.3',
29 silly addNameRange     '0.2.4',
29 silly addNameRange     '0.2.4-1',
29 silly addNameRange     '0.2.5',
29 silly addNameRange     '0.2.6',
29 silly addNameRange     '0.2.6-1',
29 silly addNameRange     '0.2.7',
29 silly addNameRange     '0.2.7-1',
29 silly addNameRange     '0.2.7-2',
29 silly addNameRange     '0.2.8',
29 silly addNameRange     '0.2.9',
29 silly addNameRange     '0.2.9-2',
29 silly addNameRange     '0.2.10',
29 silly addNameRange     '0.3.0',
29 silly addNameRange     '0.3.1',
29 silly addNameRange     '0.4.0',
29 silly addNameRange     '0.4.1',
29 silly addNameRange     '0.5.0' ] ]
30 verbose addNamed [ 'ntwitter', '0.5.0' ]
31 verbose addNamed [ '0.5.0', '0.5.0' ]
32 silly lockFile e3570b8e-ntwitter-0-5-0 ntwitter@0.5.0
33 verbose lock ntwitter@0.5.0 C:\Users\IBM_ADMIN\AppData\Roaming\npm-cache\e3570b8e-ntwitter-0-5-0.lock
34 warn deprecated ntwitter@0.5.0: Unmaintained
35 silly lockFile 6d9ee9c8--org-ntwitter-ntwitter-0-5-0-tgz https://registry.npmjs.org/ntwitter/-/ntwitter-0.5.0.tgz
36 verbose lock https://registry.npmjs.org/ntwitter/-/ntwitter-0.5.0.tgz C:\Users\IBM_ADMIN\AppData\Roaming\npm-cache\6d9ee9c8--org-ntwitter-ntwitter-0-5-0-tgz.lock
37 verbose addRemoteTarball [ 'https://registry.npmjs.org/ntwitter/-/ntwitter-0.5.0.tgz',
37 verbose addRemoteTarball   '30c40105f82432fa8956a4f7655de932af631534' ]
38 info retry fetch attempt 1 at 20:17:27
39 verbose fetch to= C:\Users\IBM_AD~1\AppData\Local\Temp\npm-6364-Ktq9fTi6\registry.npmjs.org\ntwitter\-\ntwitter-0.5.0.tgz
40 http GET https://registry.npmjs.org/ntwitter/-/ntwitter-0.5.0.tgz
41 http 200 https://registry.npmjs.org/ntwitter/-/ntwitter-0.5.0.tgz
42 silly lockFile 6d9ee9c8--org-ntwitter-ntwitter-0-5-0-tgz https://registry.npmjs.org/ntwitter/-/ntwitter-0.5.0.tgz
43 silly lockFile 6d9ee9c8--org-ntwitter-ntwitter-0-5-0-tgz https://registry.npmjs.org/ntwitter/-/ntwitter-0.5.0.tgz
44 silly lockFile e3570b8e-ntwitter-0-5-0 ntwitter@0.5.0
45 silly lockFile e3570b8e-ntwitter-0-5-0 ntwitter@0.5.0
46 silly lockFile f01a5877-ntwitter ntwitter@
47 silly lockFile f01a5877-ntwitter ntwitter@
48 silly resolved [ { name: 'ntwitter',
48 silly resolved     version: '0.5.0',
48 silly resolved     description: 'Asynchronous Twitter REST/stream/search client API for node.js.',
48 silly resolved     keywords: [ 'twitter', 'streaming', 'oauth' ],
48 silly resolved     homepage: 'https://github.com/AvianFlu/ntwitter',
48 silly resolved     author: { name: 'jdub, changes by AvianFlu' },
48 silly resolved     licenses:
48 silly resolved      { type: 'MIT',
48 silly resolved        url: 'http://github.com/AvianFlu/ntwitter/raw/master/LICENSE' },
48 silly resolved     repository: { type: 'git', url: 'http://github.com/AvianFlu/ntwitter.git' },
48 silly resolved     dependencies: { oauth: '>=0.8.4', cookies: '0.1.x', keygrip: '0.2.x' },
48 silly resolved     devDependencies: { should: '*', mocha: '*' },
48 silly resolved     engines: { node: '>=0.4.0' },
48 silly resolved     main: './lib/twitter',
48 silly resolved     _id: 'ntwitter@0.5.0',
48 silly resolved     dist:
48 silly resolved      { shasum: '30c40105f82432fa8956a4f7655de932af631534',
48 silly resolved        tarball: 'http://registry.npmjs.org/ntwitter/-/ntwitter-0.5.0.tgz' },
48 silly resolved     _npmVersion: '1.1.59',
48 silly resolved     _npmUser: { name: 'avianflu', email: 'charlie@charlieistheman.com' },
48 silly resolved     maintainers: [ [Object] ],
48 silly resolved     deprecated: 'Unmaintained',
48 silly resolved     directories: {},
48 silly resolved     _shasum: '30c40105f82432fa8956a4f7655de932af631534',
48 silly resolved     _from: 'ntwitter@',
48 silly resolved     _resolved: 'https://registry.npmjs.org/ntwitter/-/ntwitter-0.5.0.tgz' } ]
49 info install ntwitter@0.5.0 into D:\Tweet\TweetPoem
50 info installOne ntwitter@0.5.0
51 verbose node_modules\ntwitter unbuild
52 verbose tar unpack C:\Users\IBM_ADMIN\AppData\Roaming\npm-cache\ntwitter\0.5.0\package.tgz
53 silly lockFile ff0bc533--TweetPoem-node-modules-ntwitter tar://D:\Tweet\TweetPoem\node_modules\ntwitter
54 verbose lock tar://D:\Tweet\TweetPoem\node_modules\ntwitter C:\Users\IBM_ADMIN\AppData\Roaming\npm-cache\ff0bc533--TweetPoem-node-modules-ntwitter.lock
55 silly lockFile 7b30c3e3-cache-ntwitter-0-5-0-package-tgz tar://C:\Users\IBM_ADMIN\AppData\Roaming\npm-cache\ntwitter\0.5.0\package.tgz
56 verbose lock tar://C:\Users\IBM_ADMIN\AppData\Roaming\npm-cache\ntwitter\0.5.0\package.tgz C:\Users\IBM_ADMIN\AppData\Roaming\npm-cache\7b30c3e3-cache-ntwitter-0-5-0-package-tgz.lock
57 silly gunzTarPerm modes [ '777', '666' ]
58 silly gunzTarPerm extractEntry package.json
59 silly gunzTarPerm extractEntry .npmignore
60 silly gunzTarPerm extractEntry README.md
61 silly gunzTarPerm extractEntry LICENSE
62 silly gunzTarPerm extractEntry index.js
63 silly gunzTarPerm extractEntry lib/keys.js
64 silly gunzTarPerm extractEntry lib/parser.js
65 silly gunzTarPerm extractEntry lib/twitter.js
66 silly gunzTarPerm extractEntry lib/utils.js
67 silly gunzTarPerm extractEntry test/memory.js
68 silly gunzTarPerm extractEntry test/trend.js
69 silly gunzTarPerm extractEntry test/memory.txt
70 silly lockFile ff0bc533--TweetPoem-node-modules-ntwitter tar://D:\Tweet\TweetPoem\node_modules\ntwitter
71 silly lockFile ff0bc533--TweetPoem-node-modules-ntwitter tar://D:\Tweet\TweetPoem\node_modules\ntwitter
72 silly lockFile 7b30c3e3-cache-ntwitter-0-5-0-package-tgz tar://C:\Users\IBM_ADMIN\AppData\Roaming\npm-cache\ntwitter\0.5.0\package.tgz
73 silly lockFile 7b30c3e3-cache-ntwitter-0-5-0-package-tgz tar://C:\Users\IBM_ADMIN\AppData\Roaming\npm-cache\ntwitter\0.5.0\package.tgz
74 info preinstall ntwitter@0.5.0
75 verbose readDependencies using package.json deps
76 verbose readDependencies using package.json deps
77 verbose cache add [ 'oauth@>=0.8.4', null ]
78 verbose cache add name=undefined spec="oauth@>=0.8.4" args=["oauth@>=0.8.4",null]
79 verbose parsed url { protocol: null,
79 verbose parsed url   slashes: null,
79 verbose parsed url   auth: null,
79 verbose parsed url   host: null,
79 verbose parsed url   port: null,
79 verbose parsed url   hostname: null,
79 verbose parsed url   hash: null,
79 verbose parsed url   search: null,
79 verbose parsed url   query: null,
79 verbose parsed url   pathname: 'oauth@%3E=0.8.4',
79 verbose parsed url   path: 'oauth@%3E=0.8.4',
79 verbose parsed url   href: 'oauth@%3E=0.8.4' }
80 verbose cache add [ 'cookies@0.1.x', null ]
81 verbose cache add name=undefined spec="cookies@0.1.x" args=["cookies@0.1.x",null]
82 verbose parsed url { protocol: null,
82 verbose parsed url   slashes: null,
82 verbose parsed url   auth: null,
82 verbose parsed url   host: null,
82 verbose parsed url   port: null,
82 verbose parsed url   hostname: null,
82 verbose parsed url   hash: null,
82 verbose parsed url   search: null,
82 verbose parsed url   query: null,
82 verbose parsed url   pathname: 'cookies@0.1.x',
82 verbose parsed url   path: 'cookies@0.1.x',
82 verbose parsed url   href: 'cookies@0.1.x' }
83 verbose cache add [ 'keygrip@0.2.x', null ]
84 verbose cache add name=undefined spec="keygrip@0.2.x" args=["keygrip@0.2.x",null]
85 verbose parsed url { protocol: null,
85 verbose parsed url   slashes: null,
85 verbose parsed url   auth: null,
85 verbose parsed url   host: null,
85 verbose parsed url   port: null,
85 verbose parsed url   hostname: null,
85 verbose parsed url   hash: null,
85 verbose parsed url   search: null,
85 verbose parsed url   query: null,
85 verbose parsed url   pathname: 'keygrip@0.2.x',
85 verbose parsed url   path: 'keygrip@0.2.x',
85 verbose parsed url   href: 'keygrip@0.2.x' }
86 verbose cache add name="oauth" spec=">=0.8.4" args=["oauth",">=0.8.4"]
87 verbose parsed url { protocol: null,
87 verbose parsed url   slashes: null,
87 verbose parsed url   auth: null,
87 verbose parsed url   host: null,
87 verbose parsed url   port: null,
87 verbose parsed url   hostname: null,
87 verbose parsed url   hash: null,
87 verbose parsed url   search: null,
87 verbose parsed url   query: null,
87 verbose parsed url   pathname: '%3E=0.8.4',
87 verbose parsed url   path: '%3E=0.8.4',
87 verbose parsed url   href: '%3E=0.8.4' }
88 verbose addNamed [ 'oauth', '>=0.8.4' ]
89 verbose addNamed [ null, '>=0.8.4' ]
90 silly lockFile c2399bc0-oauth-0-8-4 oauth@>=0.8.4
91 verbose lock oauth@>=0.8.4 C:\Users\IBM_ADMIN\AppData\Roaming\npm-cache\c2399bc0-oauth-0-8-4.lock
92 verbose cache add name="cookies" spec="0.1.x" args=["cookies","0.1.x"]
93 verbose parsed url { protocol: null,
93 verbose parsed url   slashes: null,
93 verbose parsed url   auth: null,
93 verbose parsed url   host: null,
93 verbose parsed url   port: null,
93 verbose parsed url   hostname: null,
93 verbose parsed url   hash: null,
93 verbose parsed url   search: null,
93 verbose parsed url   query: null,
93 verbose parsed url   pathname: '0.1.x',
93 verbose parsed url   path: '0.1.x',
93 verbose parsed url   href: '0.1.x' }
94 verbose addNamed [ 'cookies', '0.1.x' ]
95 verbose addNamed [ null, '>=0.1.0-0 <0.2.0-0' ]
96 silly lockFile 42580c76-cookies-0-1-x cookies@0.1.x
97 verbose lock cookies@0.1.x C:\Users\IBM_ADMIN\AppData\Roaming\npm-cache\42580c76-cookies-0-1-x.lock
98 verbose cache add name="keygrip" spec="0.2.x" args=["keygrip","0.2.x"]
99 verbose parsed url { protocol: null,
99 verbose parsed url   slashes: null,
99 verbose parsed url   auth: null,
99 verbose parsed url   host: null,
99 verbose parsed url   port: null,
99 verbose parsed url   hostname: null,
99 verbose parsed url   hash: null,
99 verbose parsed url   search: null,
99 verbose parsed url   query: null,
99 verbose parsed url   pathname: '0.2.x',
99 verbose parsed url   path: '0.2.x',
99 verbose parsed url   href: '0.2.x' }
100 verbose addNamed [ 'keygrip', '0.2.x' ]
101 verbose addNamed [ null, '>=0.2.0-0 <0.3.0-0' ]
102 silly lockFile 0a958370-keygrip-0-2-x keygrip@0.2.x
103 verbose lock keygrip@0.2.x C:\Users\IBM_ADMIN\AppData\Roaming\npm-cache\0a958370-keygrip-0-2-x.lock
104 silly addNameRange { name: 'oauth', range: '>=0.8.4', hasData: false }
105 silly addNameRange { name: 'cookies', range: '>=0.1.0-0 <0.2.0-0', hasData: false }
106 silly addNameRange { name: 'keygrip', range: '>=0.2.0-0 <0.3.0-0', hasData: false }
107 verbose request where is /cookies
108 verbose request registry https://registry.npmjs.org/
109 verbose url raw /cookies
110 verbose url resolving [ 'https://registry.npmjs.org/', './cookies' ]
111 verbose url resolved https://registry.npmjs.org/cookies
112 verbose request where is https://registry.npmjs.org/cookies
113 info trying registry request attempt 1 at 20:17:28
114 http GET https://registry.npmjs.org/cookies
115 verbose request where is /keygrip
116 verbose request registry https://registry.npmjs.org/
117 verbose url raw /keygrip
118 verbose url resolving [ 'https://registry.npmjs.org/', './keygrip' ]
119 verbose url resolved https://registry.npmjs.org/keygrip
120 verbose request where is https://registry.npmjs.org/keygrip
121 info trying registry request attempt 1 at 20:17:28
122 http GET https://registry.npmjs.org/keygrip
123 verbose request where is /oauth
124 verbose request registry https://registry.npmjs.org/
125 verbose url raw /oauth
126 verbose url resolving [ 'https://registry.npmjs.org/', './oauth' ]
127 verbose url resolved https://registry.npmjs.org/oauth
128 verbose request where is https://registry.npmjs.org/oauth
129 info trying registry request attempt 1 at 20:17:28
130 verbose etag "9QE89TL27H9G8EYXI8DVSQNYG"
131 http GET https://registry.npmjs.org/oauth
132 http 200 https://registry.npmjs.org/keygrip
133 silly registry.get cb [ 200,
133 silly registry.get   { date: 'Tue, 14 Oct 2014 17:17:30 GMT',
133 silly registry.get     server: 'CouchDB/1.5.0 (Erlang OTP/R16B03)',
133 silly registry.get     etag: '"6UR4ACLI826U3NFOP7PATA4B1"',
133 silly registry.get     'content-type': 'application/json',
133 silly registry.get     'cache-control': 'max-age=60',
133 silly registry.get     'content-length': '13202',
133 silly registry.get     'accept-ranges': 'bytes',
133 silly registry.get     via: '1.1 varnish',
133 silly registry.get     age: '0',
133 silly registry.get     'x-served-by': 'cache-fra1246-FRA',
133 silly registry.get     'x-cache': 'HIT',
133 silly registry.get     'x-cache-hits': '1',
133 silly registry.get     'x-timer': 'S1413307050.034483,VS0,VE173',
133 silly registry.get     vary: 'Accept',
133 silly registry.get     'keep-alive': 'timeout=10, max=50',
133 silly registry.get     connection: 'Keep-Alive' } ]
134 silly addNameRange number 2 { name: 'keygrip', range: '>=0.2.0-0 <0.3.0-0', hasData: true }
135 silly addNameRange versions [ 'keygrip',
135 silly addNameRange   [ '0.1.0',
135 silly addNameRange     '0.1.1',
135 silly addNameRange     '0.1.2',
135 silly addNameRange     '0.1.3',
135 silly addNameRange     '0.1.6',
135 silly addNameRange     '0.1.7',
135 silly addNameRange     '0.2.0',
135 silly addNameRange     '0.2.1',
135 silly addNameRange     '0.2.2',
135 silly addNameRange     '0.2.3',
135 silly addNameRange     '0.2.4',
135 silly addNameRange     '1.0.0',
135 silly addNameRange     '1.0.1' ] ]
136 verbose addNamed [ 'keygrip', '0.2.4' ]
137 verbose addNamed [ '0.2.4', '0.2.4' ]
138 silly lockFile acc371b7-keygrip-0-2-4 keygrip@0.2.4
139 verbose lock keygrip@0.2.4 C:\Users\IBM_ADMIN\AppData\Roaming\npm-cache\acc371b7-keygrip-0-2-4.lock
140 silly lockFile e59fa2f4-js-org-keygrip-keygrip-0-2-4-tgz https://registry.npmjs.org/keygrip/-/keygrip-0.2.4.tgz
141 verbose lock https://registry.npmjs.org/keygrip/-/keygrip-0.2.4.tgz C:\Users\IBM_ADMIN\AppData\Roaming\npm-cache\e59fa2f4-js-org-keygrip-keygrip-0-2-4-tgz.lock
142 verbose addRemoteTarball [ 'https://registry.npmjs.org/keygrip/-/keygrip-0.2.4.tgz',
142 verbose addRemoteTarball   '9dd1b2e485a1162c9d4e6f787de87fc50f87bc58' ]
143 info retry fetch attempt 1 at 20:17:28
144 verbose fetch to= C:\Users\IBM_AD~1\AppData\Local\Temp\npm-6364-Ktq9fTi6\registry.npmjs.org\keygrip\-\keygrip-0.2.4.tgz
145 http GET https://registry.npmjs.org/keygrip/-/keygrip-0.2.4.tgz
146 http 200 https://registry.npmjs.org/keygrip/-/keygrip-0.2.4.tgz
147 silly lockFile e59fa2f4-js-org-keygrip-keygrip-0-2-4-tgz https://registry.npmjs.org/keygrip/-/keygrip-0.2.4.tgz
148 silly lockFile e59fa2f4-js-org-keygrip-keygrip-0-2-4-tgz https://registry.npmjs.org/keygrip/-/keygrip-0.2.4.tgz
149 silly lockFile acc371b7-keygrip-0-2-4 keygrip@0.2.4
150 silly lockFile acc371b7-keygrip-0-2-4 keygrip@0.2.4
151 silly lockFile 0a958370-keygrip-0-2-x keygrip@0.2.x
152 silly lockFile 0a958370-keygrip-0-2-x keygrip@0.2.x
153 http 200 https://registry.npmjs.org/cookies
154 silly registry.get cb [ 200,
154 silly registry.get   { date: 'Tue, 14 Oct 2014 17:17:30 GMT',
154 silly registry.get     server: 'CouchDB/1.5.0 (Erlang OTP/R16B03)',
154 silly registry.get     etag: '"9ZERO7FMHL6KHH5F1YWT1QN8D"',
154 silly registry.get     'content-type': 'application/json',
154 silly registry.get     'cache-control': 'max-age=60',
154 silly registry.get     'content-length': '26763',
154 silly registry.get     'accept-ranges': 'bytes',
154 silly registry.get     via: '1.1 varnish',
154 silly registry.get     age: '0',
154 silly registry.get     'x-served-by': 'cache-fra1245-FRA',
154 silly registry.get     'x-cache': 'HIT',
154 silly registry.get     'x-cache-hits': '1',
154 silly registry.get     'x-timer': 'S1413307050.025716,VS0,VE434',
154 silly registry.get     vary: 'Accept',
154 silly registry.get     'keep-alive': 'timeout=10, max=50',
154 silly registry.get     connection: 'Keep-Alive' } ]
155 silly addNameRange number 2 { name: 'cookies', range: '>=0.1.0-0 <0.2.0-0', hasData: true }
156 silly addNameRange versions [ 'cookies',
156 silly addNameRange   [ '0.1.0',
156 silly addNameRange     '0.1.1',
156 silly addNameRange     '0.1.2',
156 silly addNameRange     '0.1.3',
156 silly addNameRange     '0.1.4',
156 silly addNameRange     '0.1.5',
156 silly addNameRange     '0.1.6',
156 silly addNameRange     '0.2.0',
156 silly addNameRange     '0.2.1',
156 silly addNameRange     '0.2.2',
156 silly addNameRange     '0.2.3',
156 silly addNameRange     '0.3.0',
156 silly addNameRange     '0.3.1',
156 silly addNameRange     '0.3.2',
156 silly addNameRange     '0.3.3',
156 silly addNameRange     '0.3.4',
156 silly addNameRange     '0.3.5',
156 silly addNameRange     '0.3.6',
156 silly addNameRange     '0.3.7',
156 silly addNameRange     '0.3.8',
156 silly addNameRange     '0.4.0',
156 silly addNameRange     '0.4.1',
156 silly addNameRange     '0.5.0' ] ]
157 verbose addNamed [ 'cookies', '0.1.6' ]
158 verbose addNamed [ '0.1.6', '0.1.6' ]
159 silly lockFile 892f256d-cookies-0-1-6 cookies@0.1.6
160 verbose lock cookies@0.1.6 C:\Users\IBM_ADMIN\AppData\Roaming\npm-cache\892f256d-cookies-0-1-6.lock
161 silly lockFile 9db0a98d-js-org-cookies-cookies-0-1-6-tgz https://registry.npmjs.org/cookies/-/cookies-0.1.6.tgz
162 verbose lock https://registry.npmjs.org/cookies/-/cookies-0.1.6.tgz C:\Users\IBM_ADMIN\AppData\Roaming\npm-cache\9db0a98d-js-org-cookies-cookies-0-1-6-tgz.lock
163 verbose addRemoteTarball [ 'https://registry.npmjs.org/cookies/-/cookies-0.1.6.tgz',
163 verbose addRemoteTarball   '2129588b8b1e382ffba990d9f9cf9ddf2c142846' ]
164 info retry fetch attempt 1 at 20:17:28
165 verbose fetch to= C:\Users\IBM_AD~1\AppData\Local\Temp\npm-6364-Ktq9fTi6\registry.npmjs.org\cookies\-\cookies-0.1.6.tgz
166 http GET https://registry.npmjs.org/cookies/-/cookies-0.1.6.tgz
167 http 200 https://registry.npmjs.org/cookies/-/cookies-0.1.6.tgz
168 silly lockFile 9db0a98d-js-org-cookies-cookies-0-1-6-tgz https://registry.npmjs.org/cookies/-/cookies-0.1.6.tgz
169 silly lockFile 9db0a98d-js-org-cookies-cookies-0-1-6-tgz https://registry.npmjs.org/cookies/-/cookies-0.1.6.tgz
170 silly lockFile 892f256d-cookies-0-1-6 cookies@0.1.6
171 silly lockFile 892f256d-cookies-0-1-6 cookies@0.1.6
172 silly lockFile 42580c76-cookies-0-1-x cookies@0.1.x
173 silly lockFile 42580c76-cookies-0-1-x cookies@0.1.x
174 http 304 https://registry.npmjs.org/oauth
175 silly registry.get cb [ 304,
175 silly registry.get   { date: 'Tue, 14 Oct 2014 17:17:30 GMT',
175 silly registry.get     server: 'Apache',
175 silly registry.get     via: '1.1 varnish',
175 silly registry.get     'last-modified': 'Tue, 14 Oct 2014 17:17:30 GMT',
175 silly registry.get     'cache-control': 'max-age=60',
175 silly registry.get     etag: '"9QE89TL27H9G8EYXI8DVSQNYG"',
175 silly registry.get     age: '0',
175 silly registry.get     'x-served-by': 'cache-fra1242-FRA',
175 silly registry.get     'x-cache': 'HIT',
175 silly registry.get     'x-cache-hits': '1',
175 silly registry.get     'x-timer': 'S1413307050.064070,VS0,VE719',
175 silly registry.get     vary: 'Accept',
175 silly registry.get     'content-length': '0',
175 silly registry.get     'keep-alive': 'timeout=10, max=50',
175 silly registry.get     connection: 'Keep-Alive' } ]
176 verbose etag https://registry.npmjs.org/oauth from cache
177 silly addNameRange number 2 { name: 'oauth', range: '>=0.8.4', hasData: true }
178 silly addNameRange versions [ 'oauth',
178 silly addNameRange   [ '0.7.4',
178 silly addNameRange     '0.7.5',
178 silly addNameRange     '0.7.6',
178 silly addNameRange     '0.7.7',
178 silly addNameRange     '0.8.0',
178 silly addNameRange     '0.8.1',
178 silly addNameRange     '0.8.2',
178 silly addNameRange     '0.8.3',
178 silly addNameRange     '0.8.4',
178 silly addNameRange     '0.9.0',
178 silly addNameRange     '0.9.1',
178 silly addNameRange     '0.9.2',
178 silly addNameRange     '0.9.3',
178 silly addNameRange     '0.9.4',
178 silly addNameRange     '0.9.5',
178 silly addNameRange     '0.9.6',
178 silly addNameRange     '0.9.7',
178 silly addNameRange     '0.9.8',
178 silly addNameRange     '0.9.9',
178 silly addNameRange     '0.9.10',
178 silly addNameRange     '0.9.11',
178 silly addNameRange     '0.9.12' ] ]
179 verbose addNamed [ 'oauth', '0.9.12' ]
180 verbose addNamed [ '0.9.12', '0.9.12' ]
181 silly lockFile 7dc731cf-oauth-0-9-12 oauth@0.9.12
182 verbose lock oauth@0.9.12 C:\Users\IBM_ADMIN\AppData\Roaming\npm-cache\7dc731cf-oauth-0-9-12.lock
183 silly lockFile 73601615-npmjs-org-oauth-oauth-0-9-12-tgz https://registry.npmjs.org/oauth/-/oauth-0.9.12.tgz
184 verbose lock https://registry.npmjs.org/oauth/-/oauth-0.9.12.tgz C:\Users\IBM_ADMIN\AppData\Roaming\npm-cache\73601615-npmjs-org-oauth-oauth-0-9-12-tgz.lock
185 verbose addRemoteTarball [ 'https://registry.npmjs.org/oauth/-/oauth-0.9.12.tgz',
185 verbose addRemoteTarball   '77bbb77cc5d638fe9b1d111b33c0b2f90030e89c' ]
186 info retry fetch attempt 1 at 20:17:29
187 verbose fetch to= C:\Users\IBM_AD~1\AppData\Local\Temp\npm-6364-Ktq9fTi6\registry.npmjs.org\oauth\-\oauth-0.9.12.tgz
188 http GET https://registry.npmjs.org/oauth/-/oauth-0.9.12.tgz
189 http 200 https://registry.npmjs.org/oauth/-/oauth-0.9.12.tgz
190 silly lockFile 73601615-npmjs-org-oauth-oauth-0-9-12-tgz https://registry.npmjs.org/oauth/-/oauth-0.9.12.tgz
191 silly lockFile 73601615-npmjs-org-oauth-oauth-0-9-12-tgz https://registry.npmjs.org/oauth/-/oauth-0.9.12.tgz
192 silly lockFile 7dc731cf-oauth-0-9-12 oauth@0.9.12
193 silly lockFile 7dc731cf-oauth-0-9-12 oauth@0.9.12
194 silly lockFile c2399bc0-oauth-0-8-4 oauth@>=0.8.4
195 silly lockFile c2399bc0-oauth-0-8-4 oauth@>=0.8.4
196 silly resolved [ { name: 'keygrip',
196 silly resolved     version: '0.2.4',
196 silly resolved     description: 'Key signing and verification for rotated credentials',
196 silly resolved     scripts: { install: '[ -x /usr/bin/nodejs ] && /usr/bin/nodejs ./install.js || node ./install.js' },
196 silly resolved     repository: { type: 'git', url: 'git://github.com/jed/keygrip.git' },
196 silly resolved     dependencies: {},
196 silly resolved     devDependencies: {},
196 silly resolved     engines: { node: '*' },
196 silly resolved     bugs: { url: 'https://github.com/jed/keygrip/issues' },
196 silly resolved     _id: 'keygrip@0.2.4',
196 silly resolved     dist:
196 silly resolved      { shasum: '9dd1b2e485a1162c9d4e6f787de87fc50f87bc58',
196 silly resolved        tarball: 'http://registry.npmjs.org/keygrip/-/keygrip-0.2.4.tgz' },
196 silly resolved     _from: 'keygrip@0.2.x',
196 silly resolved     _npmVersion: '1.2.32',
196 silly resolved     _npmUser: { name: 'jed', email: 'tr@nslator.jp' },
196 silly resolved     maintainers: [ [Object] ],
196 silly resolved     directories: {},
196 silly resolved     _shasum: '9dd1b2e485a1162c9d4e6f787de87fc50f87bc58',
196 silly resolved     _resolved: 'https://registry.npmjs.org/keygrip/-/keygrip-0.2.4.tgz' },
196 silly resolved   { name: 'cookies',
196 silly resolved     version: '0.1.6',
196 silly resolved     description: 'Cookies, optionally signed using Keygrip.',
196 silly resolved     main: './index',
196 silly resolved     engines: [ 'node' ],
196 silly resolved     directories: { lib: './lib' },
196 silly resolved     files: [ '' ],
196 silly resolved     _id: 'cookies@0.1.6',
196 silly resolved     _engineSupported: true,
196 silly resolved     _npmVersion: '0.3.9',
196 silly resolved     _nodeVersion: 'v0.5.0-pre',
196 silly resolved     _defaultsLoaded: true,
196 silly resolved     dist:
196 silly resolved      { shasum: '2129588b8b1e382ffba990d9f9cf9ddf2c142846',
196 silly resolved        tarball: 'http://registry.npmjs.org/cookies/-/cookies-0.1.6.tgz' },
196 silly resolved     _shasum: '2129588b8b1e382ffba990d9f9cf9ddf2c142846',
196 silly resolved     _from: 'cookies@0.1.x',
196 silly resolved     _resolved: 'https://registry.npmjs.org/cookies/-/cookies-0.1.6.tgz' },
196 silly resolved   { name: 'oauth',
196 silly resolved     description: 'Library for interacting with OAuth 1.0, 1.0A, 2 and Echo.  Provides simplified client access and allows for construction of more complex apis and OAuth providers.',
196 silly resolved     version: '0.9.12',
196 silly resolved     directories: { lib: './lib' },
196 silly resolved     main: 'index.js',
196 silly resolved     author: { name: 'Ciaran Jessup', email: 'ciaranj@gmail.com' },
196 silly resolved     repository: { type: 'git', url: 'http://github.com/ciaranj/node-oauth.git' },
196 silly resolved     devDependencies: { vows: '0.5.x' },
196 silly resolved     scripts: { test: 'make test' },
196 silly resolved     licenses: [ [Object] ],
196 silly resolved     bugs: { url: 'https://github.com/ciaranj/node-oauth/issues' },
196 silly resolved     homepage: 'https://github.com/ciaranj/node-oauth',
196 silly resolved     _id: 'oauth@0.9.12',
196 silly resolved     dist:
196 silly resolved      { shasum: '77bbb77cc5d638fe9b1d111b33c0b2f90030e89c',
196 silly resolved        tarball: 'http://registry.npmjs.org/oauth/-/oauth-0.9.12.tgz' },
196 silly resolved     _from: 'oauth@>=0.8.4',
196 silly resolved     _npmVersion: '1.4.3',
196 silly resolved     _npmUser: { name: 'ciaranj', email: 'ciaranj@gmail.com' },
196 silly resolved     maintainers: [ [Object] ],
196 silly resolved     _shasum: '77bbb77cc5d638fe9b1d111b33c0b2f90030e89c',
196 silly resolved     _resolved: 'https://registry.npmjs.org/oauth/-/oauth-0.9.12.tgz' } ]
197 info install keygrip@0.2.4 into D:\Tweet\TweetPoem\node_modules\ntwitter
198 info install cookies@0.1.6 into D:\Tweet\TweetPoem\node_modules\ntwitter
199 info install oauth@0.9.12 into D:\Tweet\TweetPoem\node_modules\ntwitter
200 info installOne keygrip@0.2.4
201 info installOne cookies@0.1.6
202 info installOne oauth@0.9.12
203 verbose node_modules\ntwitter\node_modules\keygrip unbuild
204 verbose node_modules\ntwitter\node_modules\cookies unbuild
205 verbose node_modules\ntwitter\node_modules\oauth unbuild
206 verbose tar unpack C:\Users\IBM_ADMIN\AppData\Roaming\npm-cache\keygrip\0.2.4\package.tgz
207 silly lockFile bf86de70-es-ntwitter-node-modules-keygrip tar://D:\Tweet\TweetPoem\node_modules\ntwitter\node_modules\keygrip
208 verbose lock tar://D:\Tweet\TweetPoem\node_modules\ntwitter\node_modules\keygrip C:\Users\IBM_ADMIN\AppData\Roaming\npm-cache\bf86de70-es-ntwitter-node-modules-keygrip.lock
209 silly lockFile 3251e392--cache-keygrip-0-2-4-package-tgz tar://C:\Users\IBM_ADMIN\AppData\Roaming\npm-cache\keygrip\0.2.4\package.tgz
210 verbose lock tar://C:\Users\IBM_ADMIN\AppData\Roaming\npm-cache\keygrip\0.2.4\package.tgz C:\Users\IBM_ADMIN\AppData\Roaming\npm-cache\3251e392--cache-keygrip-0-2-4-package-tgz.lock
211 verbose tar unpack C:\Users\IBM_ADMIN\AppData\Roaming\npm-cache\cookies\0.1.6\package.tgz
212 silly lockFile 12c5feaa-es-ntwitter-node-modules-cookies tar://D:\Tweet\TweetPoem\node_modules\ntwitter\node_modules\cookies
213 verbose lock tar://D:\Tweet\TweetPoem\node_modules\ntwitter\node_modules\cookies C:\Users\IBM_ADMIN\AppData\Roaming\npm-cache\12c5feaa-es-ntwitter-node-modules-cookies.lock
214 silly lockFile 30bfdfdd--cache-cookies-0-1-6-package-tgz tar://C:\Users\IBM_ADMIN\AppData\Roaming\npm-cache\cookies\0.1.6\package.tgz
215 verbose lock tar://C:\Users\IBM_ADMIN\AppData\Roaming\npm-cache\cookies\0.1.6\package.tgz C:\Users\IBM_ADMIN\AppData\Roaming\npm-cache\30bfdfdd--cache-cookies-0-1-6-package-tgz.lock
216 verbose tar unpack C:\Users\IBM_ADMIN\AppData\Roaming\npm-cache\oauth\0.9.12\package.tgz
217 silly lockFile b6d6e21e-ules-ntwitter-node-modules-oauth tar://D:\Tweet\TweetPoem\node_modules\ntwitter\node_modules\oauth
218 verbose lock tar://D:\Tweet\TweetPoem\node_modules\ntwitter\node_modules\oauth C:\Users\IBM_ADMIN\AppData\Roaming\npm-cache\b6d6e21e-ules-ntwitter-node-modules-oauth.lock
219 silly lockFile 39ec45d9-m-cache-oauth-0-9-12-package-tgz tar://C:\Users\IBM_ADMIN\AppData\Roaming\npm-cache\oauth\0.9.12\package.tgz
220 verbose lock tar://C:\Users\IBM_ADMIN\AppData\Roaming\npm-cache\oauth\0.9.12\package.tgz C:\Users\IBM_ADMIN\AppData\Roaming\npm-cache\39ec45d9-m-cache-oauth-0-9-12-package-tgz.lock
221 silly gunzTarPerm modes [ '777', '666' ]
222 silly gunzTarPerm modes [ '777', '666' ]
223 silly gunzTarPerm modes [ '777', '666' ]
224 silly gunzTarPerm extractEntry package.json
225 silly gunzTarPerm modified mode [ 'package.json', 420, 438 ]
226 silly gunzTarPerm extractEntry package.json
227 silly gunzTarPerm modified mode [ 'package.json', 420, 438 ]
228 silly gunzTarPerm extractEntry .npmignore
229 silly gunzTarPerm modified mode [ '.npmignore', 420, 438 ]
230 silly gunzTarPerm extractEntry README.md
231 silly gunzTarPerm modified mode [ 'README.md', 420, 438 ]
232 silly gunzTarPerm extractEntry
233 silly gunzTarPerm modified mode [ '', 493, 511 ]
234 silly gunzTarPerm extractEntry .npmignore
235 silly gunzTarPerm modified mode [ '.npmignore', 420, 438 ]
236 silly gunzTarPerm extractEntry LICENSE
237 silly gunzTarPerm modified mode [ 'LICENSE', 420, 438 ]
238 silly gunzTarPerm extractEntry index.js
239 silly gunzTarPerm modified mode [ 'index.js', 420, 438 ]
240 silly gunzTarPerm extractEntry install.js
241 silly gunzTarPerm modified mode [ 'install.js', 420, 438 ]
242 silly gunzTarPerm extractEntry ._index.js
243 silly gunzTarPerm modified mode [ '._index.js', 420, 438 ]
244 silly gunzTarPerm extractEntry index.js
245 silly gunzTarPerm modified mode [ 'index.js', 420, 438 ]
246 silly gunzTarPerm extractEntry lib/
247 silly gunzTarPerm modified mode [ 'lib/', 493, 511 ]
248 silly gunzTarPerm extractEntry ._LICENSE.txt
249 silly gunzTarPerm modified mode [ '._LICENSE.txt', 420, 438 ]
250 silly gunzTarPerm extractEntry LICENSE.txt
251 silly gunzTarPerm modified mode [ 'LICENSE.txt', 420, 438 ]
252 silly gunzTarPerm extractEntry index.js
253 silly gunzTarPerm modified mode [ 'index.js', 420, 438 ]
254 silly gunzTarPerm extractEntry Makefile
255 silly gunzTarPerm modified mode [ 'Makefile', 420, 438 ]
256 silly gunzTarPerm extractEntry test.js
257 silly gunzTarPerm modified mode [ 'test.js', 420, 438 ]
258 silly gunzTarPerm extractEntry .travis.yml
259 silly gunzTarPerm modified mode [ '.travis.yml', 420, 438 ]
260 silly gunzTarPerm extractEntry Readme.md
261 silly gunzTarPerm modified mode [ 'Readme.md', 420, 438 ]
262 silly gunzTarPerm extractEntry examples/term.ie.oauth-HMAC-SHA1.js
263 silly gunzTarPerm modified mode [ 'examples/term.ie.oauth-HMAC-SHA1.js', 420, 438 ]
264 silly gunzTarPerm extractEntry examples/express-gdata/server.js
265 silly gunzTarPerm modified mode [ 'examples/express-gdata/server.js', 420, 438 ]
266 silly gunzTarPerm extractEntry examples/express-gdata/views/google_calendars.ejs
267 silly gunzTarPerm modified mode [ 'examples/express-gdata/views/google_calendars.ejs', 420, 438 ]
268 silly gunzTarPerm extractEntry examples/express-gdata/views/google_contacts.ejs
269 silly gunzTarPerm modified mode [ 'examples/express-gdata/views/google_contacts.ejs', 420, 438 ]
270 silly gunzTarPerm extractEntry examples/express-gdata/views/layout.ejs
271 silly gunzTarPerm modified mode [ 'examples/express-gdata/views/layout.ejs', 420, 438 ]
272 silly gunzTarPerm extractEntry lib/_utils.js
273 silly gunzTarPerm modified mode [ 'lib/_utils.js', 420, 438 ]
274 silly gunzTarPerm extractEntry lib/oauth.js
275 silly gunzTarPerm modified mode [ 'lib/oauth.js', 420, 438 ]
276 silly gunzTarPerm extractEntry lib/oauth2.js
277 silly gunzTarPerm modified mode [ 'lib/oauth2.js', 420, 438 ]
278 silly gunzTarPerm extractEntry lib/sha1.js
279 silly gunzTarPerm modified mode [ 'lib/sha1.js', 420, 438 ]
280 silly gunzTarPerm extractEntry tests/oauth.js
281 silly gunzTarPerm modified mode [ 'tests/oauth.js', 420, 438 ]
282 silly gunzTarPerm extractEntry tests/oauth2.js
283 silly gunzTarPerm modified mode [ 'tests/oauth2.js', 420, 438 ]
284 silly gunzTarPerm extractEntry tests/sha1.js
285 silly gunzTarPerm modified mode [ 'tests/sha1.js', 420, 438 ]
286 silly gunzTarPerm extractEntry ._package.json
287 silly gunzTarPerm modified mode [ '._package.json', 420, 438 ]
288 silly gunzTarPerm extractEntry package.json
289 silly gunzTarPerm modified mode [ 'package.json', 420, 438 ]
290 silly gunzTarPerm extractEntry LICENSE.txt
291 silly gunzTarPerm modified mode [ 'LICENSE.txt', 420, 438 ]
292 silly gunzTarPerm extractEntry ._README.md
293 silly gunzTarPerm modified mode [ '._README.md', 420, 438 ]
294 silly gunzTarPerm extractEntry README.md
295 silly gunzTarPerm modified mode [ 'README.md', 420, 438 ]
296 silly gunzTarPerm extractEntry ._test.js
297 silly gunzTarPerm modified mode [ '._test.js', 420, 438 ]
298 silly gunzTarPerm extractEntry test.js
299 silly gunzTarPerm modified mode [ 'test.js', 420, 438 ]
300 silly gunzTarPerm extractEntry lib/._cookies.js
301 silly gunzTarPerm modified mode [ 'lib/._cookies.js', 420, 438 ]
302 silly gunzTarPerm extractEntry lib/cookies.js
303 silly gunzTarPerm modified mode [ 'lib/cookies.js', 420, 438 ]
304 silly lockFile bf86de70-es-ntwitter-node-modules-keygrip tar://D:\Tweet\TweetPoem\node_modules\ntwitter\node_modules\keygrip
305 silly lockFile bf86de70-es-ntwitter-node-modules-keygrip tar://D:\Tweet\TweetPoem\node_modules\ntwitter\node_modules\keygrip
306 silly lockFile 3251e392--cache-keygrip-0-2-4-package-tgz tar://C:\Users\IBM_ADMIN\AppData\Roaming\npm-cache\keygrip\0.2.4\package.tgz
307 silly lockFile 3251e392--cache-keygrip-0-2-4-package-tgz tar://C:\Users\IBM_ADMIN\AppData\Roaming\npm-cache\keygrip\0.2.4\package.tgz
308 info preinstall keygrip@0.2.4
309 verbose readDependencies using package.json deps
310 verbose readDependencies using package.json deps
311 silly resolved []
312 verbose about to build D:\Tweet\TweetPoem\node_modules\ntwitter\node_modules\keygrip
313 info build D:\Tweet\TweetPoem\node_modules\ntwitter\node_modules\keygrip
314 verbose linkStuff [ false,
314 verbose linkStuff   false,
314 verbose linkStuff   false,
314 verbose linkStuff   'D:\\Tweet\\TweetPoem\\node_modules\\ntwitter\\node_modules' ]
315 info linkStuff keygrip@0.2.4
316 verbose linkBins keygrip@0.2.4
317 verbose linkMans keygrip@0.2.4
318 verbose rebuildBundles keygrip@0.2.4
319 info install keygrip@0.2.4
320 verbose unsafe-perm in lifecycle true
321 error Error: spawn ENOENT
321 error     at errnoException (child_process.js:1001:11)
321 error     at Process.ChildProcess._handle.onexit (child_process.js:792:34)
322 error If you need help, you may report this *entire* log,
322 error including the npm and node versions, at:
322 error     <http://github.com/npm/npm/issues>
323 error System Windows_NT 6.1.7601
324 error command "C:\\Program Files\\nodejs\\\\node.exe" "C:\\Program Files\\nodejs\\node_modules\\npm\\bin\\npm-cli.js" "install" "ntwitter"
325 error cwd D:\Tweet\TweetPoem
326 error node -v v0.10.30
327 error npm -v 1.4.21
328 error syscall spawn
329 error code ENOENT
330 error errno ENOENT
331 verbose exit [ 1, true ]
